<?xml version="1.0" encoding="UTF-8"?>
<testsuite xmlns:xsi="http://www.w3.org/2001/XMLSchema-instance" xsi:schemaLocation="https://maven.apache.org/surefire/maven-surefire-plugin/xsd/surefire-test-report.xsd" name="stepDefinition.TestRunner" time="18.892" tests="7" errors="0" skipped="0" failures="0">
  <properties>
[...]
</properties>
  <testcase name="Open home page in chrome" classname="Navigation to Sauce Labs website" time="6.066"/>
  <testcase name="User perform login to home page unsuccessfully" classname="Navigation to Sauce Labs website" time="1.167"/>
  <testcase name="User perform login to home page successfully" classname="Navigation to Sauce Labs website" time="1.716"/>
  <testcase name="Navigate through products page" classname="Navigation to Sauce Labs website" time="2.37"/>
  <testcase name="Navigate through checkout page" classname="Navigation to Sauce Labs website" time="1.274"/>
  <testcase name="Enter customer information" classname="Navigation to Sauce Labs website" time="2.543"/>
  <testcase name="Submit the information" classname="Navigation to Sauce Labs website" time="2.081"/>
</testsuite>